<?xml version="1.0" encoding="UTF-8"?>
<!-- Generated by org.testng.reporters.JUnitReportReporter -->
<testsuite hostname="DESKTOP-BO6M1Q7" failures="0" tests="1" name="testscript.NewserPageTest" time="10.276" errors="0" timestamp="2025-03-17T11:06:35 IST" skipped="0">
  <testcase classname="testscript.NewserPageTest" name="addnewuser" time="10.276"/>
</testsuite> <!-- testscript.NewserPageTest -->
