<?xml version="1.0" encoding="UTF-8"?>
<!-- Generated by org.testng.reporters.JUnitReportReporter -->
<testsuite hostname="DESKTOP-BO6M1Q7" failures="0" tests="1" name="testscript.CategoryPageTest" time="5.731" errors="0" timestamp="2025-03-20T15:23:59 IST" skipped="0">
  <testcase classname="testscript.CategoryPageTest" name="verifyifusercanclickcategorylink" time="5.731"/>
</testsuite> <!-- testscript.CategoryPageTest -->
