<?xml version="1.0" encoding="UTF-8"?>
<!-- Generated by org.testng.reporters.JUnitReportReporter -->
<testsuite hostname="DESKTOP-BO6M1Q7" failures="0" tests="2" name="testscript.SubCategoryPageTest" time="14.190" errors="0" timestamp="2025-03-30T12:27:43 IST" skipped="0">
  <testcase classname="testscript.SubCategoryPageTest" name="verifyIfUserCanAddSubCategory" time="8.055"/>
  <testcase classname="testscript.SubCategoryPageTest" name="verifyIfUserCanCancelSubCategoryDetails" time="6.135"/>
</testsuite> <!-- testscript.SubCategoryPageTest -->
