<?xml version="1.0" encoding="UTF-8"?>
<!-- Generated by org.testng.reporters.JUnitReportReporter -->
<testsuite hostname="DESKTOP-BO6M1Q7" failures="0" tests="1" name="testscript.AdminUserPageTest" time="8.906" errors="0" timestamp="2025-03-26T10:00:02 IST" skipped="0">
  <testcase classname="testscript.AdminUserPageTest" name="verifyIfUserCanChangeUserStatus" time="8.906"/>
</testsuite> <!-- testscript.AdminUserPageTest -->
